[ 2016-12-25T10:39:44+08:00 ] 127.0.0.1 /withAndroid/index.php/Home/Index/showshow
INFO: [ app_init ] --START--
INFO: Run Behavior\BuildLiteBehavior [ RunTime:0.000035s ]
INFO: [ app_init ] --END-- [ RunTime:0.001600s ]
INFO: [ app_begin ] --START--
INFO: Run Behavior\ReadHtmlCacheBehavior [ RunTime:0.004302s ]
INFO: [ app_begin ] --END-- [ RunTime:0.004519s ]
INFO: [ view_parse ] --START--
INFO: Run Behavior\ParseTemplateBehavior [ RunTime:0.147940s ]
INFO: [ view_parse ] --END-- [ RunTime:0.148134s ]
INFO: [ view_filter ] --START--
INFO: Run Behavior\WriteHtmlCacheBehavior [ RunTime:0.021048s ]
INFO: [ view_filter ] --END-- [ RunTime:0.021227s ]
SQL: SHOW COLUMNS FROM `sw_user` [ RunTime:0.165214s ]
ERR: 非法数据对象！:[name=>czc]

[ 2016-12-25T10:40:05+08:00 ] 127.0.0.1 /withAndroid/index.php/Home/User/register
INFO: [ app_init ] --START--
INFO: Run Behavior\BuildLiteBehavior [ RunTime:0.000026s ]
INFO: [ app_init ] --END-- [ RunTime:0.000732s ]
INFO: [ app_begin ] --START--
INFO: Run Behavior\ReadHtmlCacheBehavior [ RunTime:0.001049s ]
INFO: [ app_begin ] --END-- [ RunTime:0.001162s ]
SQL: SHOW COLUMNS FROM `sw_user` [ RunTime:0.006782s ]
INFO: [ view_parse ] --START--
INFO: Run Behavior\ParseTemplateBehavior [ RunTime:0.045646s ]
INFO: [ view_parse ] --END-- [ RunTime:0.045799s ]
INFO: [ view_filter ] --START--
INFO: Run Behavior\WriteHtmlCacheBehavior [ RunTime:0.000621s ]
INFO: [ view_filter ] --END-- [ RunTime:0.000713s ]
INFO: [ app_end ] --START--
INFO: Run Behavior\ShowPageTraceBehavior [ RunTime:0.012921s ]
INFO: [ app_end ] --END-- [ RunTime:0.013070s ]

[ 2016-12-25T10:40:16+08:00 ] 127.0.0.1 /withAndroid/index.php/Home/User/register
INFO: [ app_init ] --START--
INFO: Run Behavior\BuildLiteBehavior [ RunTime:0.000043s ]
INFO: [ app_init ] --END-- [ RunTime:0.001523s ]
INFO: [ app_begin ] --START--
INFO: Run Behavior\ReadHtmlCacheBehavior [ RunTime:0.001804s ]
INFO: [ app_begin ] --END-- [ RunTime:0.001970s ]
SQL: SHOW COLUMNS FROM `sw_user` [ RunTime:0.006395s ]
NOTIC: [8] Undefined index: user_hobby F:\Wamp\wamp\www\withAndroid\ThinkPHP\Library\Think\Model.class.php 第 1131 行.
INFO: [ view_parse ] --START--
INFO: Run Behavior\ParseTemplateBehavior [ RunTime:0.023348s ]
INFO: [ view_parse ] --END-- [ RunTime:0.023490s ]
INFO: [ view_filter ] --START--
INFO: Run Behavior\WriteHtmlCacheBehavior [ RunTime:0.000817s ]
INFO: [ view_filter ] --END-- [ RunTime:0.000911s ]
INFO: [ app_end ] --START--
INFO: Run Behavior\ShowPageTraceBehavior [ RunTime:0.001326s ]
INFO: [ app_end ] --END-- [ RunTime:0.001427s ]

[ 2016-12-25T11:08:31+08:00 ] 127.0.0.1 /withAndroid/index.php/Home/User/register
INFO: [ app_init ] --START--
INFO: Run Behavior\BuildLiteBehavior [ RunTime:0.000030s ]
INFO: [ app_init ] --END-- [ RunTime:0.000896s ]
INFO: [ app_begin ] --START--
INFO: Run Behavior\ReadHtmlCacheBehavior [ RunTime:0.001716s ]
INFO: [ app_begin ] --END-- [ RunTime:0.001830s ]
SQL: SHOW COLUMNS FROM `sw_user` [ RunTime:0.018551s ]
SQL: INSERT INTO `sw_user` (`username`,`password`,`user_email`,`user_qq`,`user_tel`,`user_sex`,`user_xueli`,`user_introduce`) VALUES ('dfg','123','123@qq.com','123456','111111111',1,2,'wagaga') [ RunTime:0.163962s ]
INFO: [ app_end ] --START--
INFO: Run Behavior\ShowPageTraceBehavior [ RunTime:0.002176s ]
INFO: [ app_end ] --END-- [ RunTime:0.002282s ]

[ 2016-12-25T11:11:35+08:00 ] 127.0.0.1 /withAndroid/index.php/Home/User/register
INFO: [ app_init ] --START--
INFO: Run Behavior\BuildLiteBehavior [ RunTime:0.000027s ]
INFO: [ app_init ] --END-- [ RunTime:0.000890s ]
INFO: [ app_begin ] --START--
INFO: Run Behavior\ReadHtmlCacheBehavior [ RunTime:0.001731s ]
INFO: [ app_begin ] --END-- [ RunTime:0.001845s ]
SQL: SHOW COLUMNS FROM `sw_user` [ RunTime:0.007624s ]
INFO: [ view_parse ] --START--
INFO: Run Behavior\ParseTemplateBehavior [ RunTime:0.029584s ]
INFO: [ view_parse ] --END-- [ RunTime:0.029732s ]
INFO: [ view_filter ] --START--
INFO: Run Behavior\WriteHtmlCacheBehavior [ RunTime:0.001712s ]
INFO: [ view_filter ] --END-- [ RunTime:0.001854s ]
INFO: [ app_end ] --START--
INFO: Run Behavior\ShowPageTraceBehavior [ RunTime:0.002263s ]
INFO: [ app_end ] --END-- [ RunTime:0.002397s ]

[ 2016-12-25T11:12:07+08:00 ] 127.0.0.1 /withAndroid/index.php/Home/User/register
INFO: [ app_init ] --START--
INFO: Run Behavior\BuildLiteBehavior [ RunTime:0.000027s ]
INFO: [ app_init ] --END-- [ RunTime:0.000888s ]
INFO: [ app_begin ] --START--
INFO: Run Behavior\ReadHtmlCacheBehavior [ RunTime:0.001570s ]
INFO: [ app_begin ] --END-- [ RunTime:0.001684s ]
SQL: SHOW COLUMNS FROM `sw_user` [ RunTime:0.026725s ]
SQL: INSERT INTO `sw_user` (`username`,`password`,`user_email`,`user_qq`,`user_tel`,`user_sex`,`user_xueli`,`user_hobby`,`user_introduce`) VALUES ('12345','qwe','123@qq.com','12343214','12344554321',1,3,'1,2,3','qweqweqweqweqwe') [ RunTime:0.152661s ]
INFO: [ app_end ] --START--
INFO: Run Behavior\ShowPageTraceBehavior [ RunTime:0.003953s ]
INFO: [ app_end ] --END-- [ RunTime:0.004183s ]

